Arguments: 
  C:\Program Files\nodejs\node.exe C:\Users\Nasir\AppData\Roaming\npm\node_modules\yarn\bin\yarn.js add react-hot-toast

PATH: 
  C:\WINDOWS\system32;C:\WINDOWS;C:\WINDOWS\System32\Wbem;C:\WINDOWS\System32\WindowsPowerShell\v1.0\;C:\Program Files\Git\cmd;C:\WINDOWS\System32\OpenSSH\;C:\Users\Nasir\AppData\Roaming\nvm;C:\Program Files\nodejs;C:\Program Files\MongoDB\Server\6.0\bin;C:\Program Files\mongosh-1.9.1-win32-x64\bin;;C:\Users\Nasir\AppData\Local\Programs\Microsoft VS Code\bin;C:\Users\Nasir\AppData\Roaming\npm;C:\Users\Nasir\AppData\Local\Microsoft\WindowsApps;C:\Users\Nasir\AppData\Roaming\nvm;C:\Program Files\nodejs

Yarn version: 
  1.22.19

Node version: 
  18.13.0

Platform: 
  win32 x64

Trace: 
  Error: EPERM: operation not permitted, unlink 'C:\Projects\appollo-level-2\Assignments\a6-pc-builder-next.js\pcbuilder\node_modules\@next\swc-win32-x64-msvc\next-swc.win32-x64-msvc.node'

npm manifest: 
  {
    "name": "pcbuilder",
    "version": "0.0.0",
    "private": true,
    "scripts": {
      "dev": "next dev",
      "build": "next build",
      "start": "next start",
      "lint": "next lint"
    },
    "dependencies": {
      "@material-tailwind/react": "2.0.4",
      "@reduxjs/toolkit": "^1.9.5",
      "autoprefixer": "10.4.14",
      "eslint": "8.43.0",
      "eslint-config-next": "13.4.7",
      "next": "13.4.7",
      "postcss": "8.4.24",
      "react": "18.2.0",
      "react-dom": "18.2.0",
      "react-redux": "^8.1.2",
      "tailwindcss": "3.3.2"
    }
  }

yarn manifest: 
  No manifest

Lockfile: 
  No lockfile
